<?xml version="1.0" encoding="UTF-8"?>
<!-- Generated by org.testng.reporters.JUnitReportReporter -->
<testsuite hostname="TYP1517" failures="0" tests="1" name="com.git.practice.Practice1Test" time="0.025" errors="0" timestamp="01 Jun 2022 05:40:28 GMT" skipped="0">
  <testcase classname="com.git.practice.Practice1Test" name="practiceTest" time="0.025"/>
</testsuite> <!-- com.git.practice.Practice1Test -->
